2015/01/09 00:07:53 [error] [exception.CDbException] exception 'CDbException' with message 'CDbConnection failed to open the DB connection: could not find driver' in /var/www/yii/framework/db/CDbConnection.php:382
Stack trace:
#0 /var/www/yii/framework/db/CDbConnection.php(330): CDbConnection->open()
#1 /var/www/yii/framework/db/CDbConnection.php(308): CDbConnection->setActive(true)
#2 /var/www/yii/framework/base/CModule.php(387): CDbConnection->init()
#3 /var/www/yii/framework/base/CModule.php(103): CModule->getComponent('db')
#4 /var/www/yii/framework/gii/generators/model/ModelCode.php(60): CModule->__get('db')
#5 /var/www/yii/framework/web/CFormModel.php(39): ModelCode->init()
#6 /var/www/yii/framework/gii/CCodeGenerator.php(153): CFormModel->__construct()
#7 /var/www/yii/framework/gii/CCodeGenerator.php(63): CCodeGenerator->prepare()
#8 /var/www/yii/framework/web/actions/CInlineAction.php(49): CCodeGenerator->actionIndex()
#9 /var/www/yii/framework/web/CController.php(308): CInlineAction->runWithParams(Array)
#10 /var/www/yii/framework/web/CController.php(286): CController->runAction(Object(CInlineAction))
#11 /var/www/yii/framework/web/CController.php(265): CController->runActionWithFilters(Object(CInlineAction), Array)
#12 /var/www/yii/framework/web/CWebApplication.php(282): CController->run('index')
#13 /var/www/yii/framework/web/CWebApplication.php(141): CWebApplication->runController('gii/model/index')
#14 /var/www/yii/framework/base/CApplication.php(180): CWebApplication->processRequest()
#15 /var/www/carlos/index.php(13): CApplication->run()
#16 {main}
REQUEST_URI=/carlos/index.php?r=gii/model/index
HTTP_REFERER=http://localhost/carlos/index.php?r=gii/default/index
---
2015/01/09 00:08:39 [error] [exception.CDbException] exception 'CDbException' with message 'CDbConnection failed to open the DB connection: SQLSTATE[08006] [7] FATAL:  no existe la base de datos <<testdrive>>' in /var/www/yii/framework/db/CDbConnection.php:382
Stack trace:
#0 /var/www/yii/framework/db/CDbConnection.php(330): CDbConnection->open()
#1 /var/www/yii/framework/db/CDbConnection.php(308): CDbConnection->setActive(true)
#2 /var/www/yii/framework/base/CModule.php(387): CDbConnection->init()
#3 /var/www/yii/framework/base/CModule.php(103): CModule->getComponent('db')
#4 /var/www/yii/framework/gii/generators/model/ModelCode.php(60): CModule->__get('db')
#5 /var/www/yii/framework/web/CFormModel.php(39): ModelCode->init()
#6 /var/www/yii/framework/gii/CCodeGenerator.php(153): CFormModel->__construct()
#7 /var/www/yii/framework/gii/CCodeGenerator.php(63): CCodeGenerator->prepare()
#8 /var/www/yii/framework/web/actions/CInlineAction.php(49): CCodeGenerator->actionIndex()
#9 /var/www/yii/framework/web/CController.php(308): CInlineAction->runWithParams(Array)
#10 /var/www/yii/framework/web/CController.php(286): CController->runAction(Object(CInlineAction))
#11 /var/www/yii/framework/web/CController.php(265): CController->runActionWithFilters(Object(CInlineAction), Array)
#12 /var/www/yii/framework/web/CWebApplication.php(282): CController->run('index')
#13 /var/www/yii/framework/web/CWebApplication.php(141): CWebApplication->runController('gii/model/index')
#14 /var/www/yii/framework/base/CApplication.php(180): CWebApplication->processRequest()
#15 /var/www/carlos/index.php(13): CApplication->run()
#16 {main}
REQUEST_URI=/carlos/index.php?r=gii/model/index
HTTP_REFERER=http://localhost/carlos/index.php?r=gii/default/index
---
2015/01/09 00:08:41 [error] [exception.CDbException] exception 'CDbException' with message 'CDbConnection failed to open the DB connection: SQLSTATE[08006] [7] FATAL:  no existe la base de datos <<testdrive>>' in /var/www/yii/framework/db/CDbConnection.php:382
Stack trace:
#0 /var/www/yii/framework/db/CDbConnection.php(330): CDbConnection->open()
#1 /var/www/yii/framework/db/CDbConnection.php(308): CDbConnection->setActive(true)
#2 /var/www/yii/framework/base/CModule.php(387): CDbConnection->init()
#3 /var/www/yii/framework/base/CModule.php(103): CModule->getComponent('db')
#4 /var/www/yii/framework/gii/generators/model/ModelCode.php(60): CModule->__get('db')
#5 /var/www/yii/framework/web/CFormModel.php(39): ModelCode->init()
#6 /var/www/yii/framework/gii/CCodeGenerator.php(153): CFormModel->__construct()
#7 /var/www/yii/framework/gii/CCodeGenerator.php(63): CCodeGenerator->prepare()
#8 /var/www/yii/framework/web/actions/CInlineAction.php(49): CCodeGenerator->actionIndex()
#9 /var/www/yii/framework/web/CController.php(308): CInlineAction->runWithParams(Array)
#10 /var/www/yii/framework/web/CController.php(286): CController->runAction(Object(CInlineAction))
#11 /var/www/yii/framework/web/CController.php(265): CController->runActionWithFilters(Object(CInlineAction), Array)
#12 /var/www/yii/framework/web/CWebApplication.php(282): CController->run('index')
#13 /var/www/yii/framework/web/CWebApplication.php(141): CWebApplication->runController('gii/model/index')
#14 /var/www/yii/framework/base/CApplication.php(180): CWebApplication->processRequest()
#15 /var/www/carlos/index.php(13): CApplication->run()
#16 {main}
REQUEST_URI=/carlos/index.php?r=gii/model/index
HTTP_REFERER=http://localhost/carlos/index.php?r=gii/default/index
---
2015/01/09 00:08:44 [error] [exception.CDbException] exception 'CDbException' with message 'CDbConnection failed to open the DB connection: SQLSTATE[08006] [7] FATAL:  no existe la base de datos <<testdrive>>' in /var/www/yii/framework/db/CDbConnection.php:382
Stack trace:
#0 /var/www/yii/framework/db/CDbConnection.php(330): CDbConnection->open()
#1 /var/www/yii/framework/db/CDbConnection.php(308): CDbConnection->setActive(true)
#2 /var/www/yii/framework/base/CModule.php(387): CDbConnection->init()
#3 /var/www/yii/framework/base/CModule.php(103): CModule->getComponent('db')
#4 /var/www/yii/framework/gii/generators/model/ModelCode.php(60): CModule->__get('db')
#5 /var/www/yii/framework/web/CFormModel.php(39): ModelCode->init()
#6 /var/www/yii/framework/gii/CCodeGenerator.php(153): CFormModel->__construct()
#7 /var/www/yii/framework/gii/CCodeGenerator.php(63): CCodeGenerator->prepare()
#8 /var/www/yii/framework/web/actions/CInlineAction.php(49): CCodeGenerator->actionIndex()
#9 /var/www/yii/framework/web/CController.php(308): CInlineAction->runWithParams(Array)
#10 /var/www/yii/framework/web/CController.php(286): CController->runAction(Object(CInlineAction))
#11 /var/www/yii/framework/web/CController.php(265): CController->runActionWithFilters(Object(CInlineAction), Array)
#12 /var/www/yii/framework/web/CWebApplication.php(282): CController->run('index')
#13 /var/www/yii/framework/web/CWebApplication.php(141): CWebApplication->runController('gii/model/index')
#14 /var/www/yii/framework/base/CApplication.php(180): CWebApplication->processRequest()
#15 /var/www/carlos/index.php(13): CApplication->run()
#16 {main}
REQUEST_URI=/carlos/index.php?r=gii/model/index
HTTP_REFERER=http://localhost/carlos/index.php?r=gii/default/index
---
2015/01/09 00:08:46 [error] [exception.CDbException] exception 'CDbException' with message 'CDbConnection failed to open the DB connection: SQLSTATE[08006] [7] FATAL:  no existe la base de datos <<testdrive>>' in /var/www/yii/framework/db/CDbConnection.php:382
Stack trace:
#0 /var/www/yii/framework/db/CDbConnection.php(330): CDbConnection->open()
#1 /var/www/yii/framework/db/CDbConnection.php(308): CDbConnection->setActive(true)
#2 /var/www/yii/framework/base/CModule.php(387): CDbConnection->init()
#3 /var/www/yii/framework/base/CModule.php(103): CModule->getComponent('db')
#4 /var/www/yii/framework/gii/generators/model/ModelCode.php(60): CModule->__get('db')
#5 /var/www/yii/framework/web/CFormModel.php(39): ModelCode->init()
#6 /var/www/yii/framework/gii/CCodeGenerator.php(153): CFormModel->__construct()
#7 /var/www/yii/framework/gii/CCodeGenerator.php(63): CCodeGenerator->prepare()
#8 /var/www/yii/framework/web/actions/CInlineAction.php(49): CCodeGenerator->actionIndex()
#9 /var/www/yii/framework/web/CController.php(308): CInlineAction->runWithParams(Array)
#10 /var/www/yii/framework/web/CController.php(286): CController->runAction(Object(CInlineAction))
#11 /var/www/yii/framework/web/CController.php(265): CController->runActionWithFilters(Object(CInlineAction), Array)
#12 /var/www/yii/framework/web/CWebApplication.php(282): CController->run('index')
#13 /var/www/yii/framework/web/CWebApplication.php(141): CWebApplication->runController('gii/model/index')
#14 /var/www/yii/framework/base/CApplication.php(180): CWebApplication->processRequest()
#15 /var/www/carlos/index.php(13): CApplication->run()
#16 {main}
REQUEST_URI=/carlos/index.php?r=gii/model/index
HTTP_REFERER=http://localhost/carlos/index.php?r=gii/default/index
---
2015/01/09 00:08:47 [error] [exception.CDbException] exception 'CDbException' with message 'CDbConnection failed to open the DB connection: SQLSTATE[08006] [7] FATAL:  no existe la base de datos <<testdrive>>' in /var/www/yii/framework/db/CDbConnection.php:382
Stack trace:
#0 /var/www/yii/framework/db/CDbConnection.php(330): CDbConnection->open()
#1 /var/www/yii/framework/db/CDbConnection.php(308): CDbConnection->setActive(true)
#2 /var/www/yii/framework/base/CModule.php(387): CDbConnection->init()
#3 /var/www/yii/framework/base/CModule.php(103): CModule->getComponent('db')
#4 /var/www/yii/framework/gii/generators/model/ModelCode.php(60): CModule->__get('db')
#5 /var/www/yii/framework/web/CFormModel.php(39): ModelCode->init()
#6 /var/www/yii/framework/gii/CCodeGenerator.php(153): CFormModel->__construct()
#7 /var/www/yii/framework/gii/CCodeGenerator.php(63): CCodeGenerator->prepare()
#8 /var/www/yii/framework/web/actions/CInlineAction.php(49): CCodeGenerator->actionIndex()
#9 /var/www/yii/framework/web/CController.php(308): CInlineAction->runWithParams(Array)
#10 /var/www/yii/framework/web/CController.php(286): CController->runAction(Object(CInlineAction))
#11 /var/www/yii/framework/web/CController.php(265): CController->runActionWithFilters(Object(CInlineAction), Array)
#12 /var/www/yii/framework/web/CWebApplication.php(282): CController->run('index')
#13 /var/www/yii/framework/web/CWebApplication.php(141): CWebApplication->runController('gii/model/index')
#14 /var/www/yii/framework/base/CApplication.php(180): CWebApplication->processRequest()
#15 /var/www/carlos/index.php(13): CApplication->run()
#16 {main}
REQUEST_URI=/carlos/index.php?r=gii/model/index
HTTP_REFERER=http://localhost/carlos/index.php?r=gii/default/index
---
2015/01/09 00:08:49 [error] [exception.CDbException] exception 'CDbException' with message 'CDbConnection failed to open the DB connection: SQLSTATE[08006] [7] FATAL:  no existe la base de datos <<testdrive>>' in /var/www/yii/framework/db/CDbConnection.php:382
Stack trace:
#0 /var/www/yii/framework/db/CDbConnection.php(330): CDbConnection->open()
#1 /var/www/yii/framework/db/CDbConnection.php(308): CDbConnection->setActive(true)
#2 /var/www/yii/framework/base/CModule.php(387): CDbConnection->init()
#3 /var/www/yii/framework/base/CModule.php(103): CModule->getComponent('db')
#4 /var/www/yii/framework/gii/generators/model/ModelCode.php(60): CModule->__get('db')
#5 /var/www/yii/framework/web/CFormModel.php(39): ModelCode->init()
#6 /var/www/yii/framework/gii/CCodeGenerator.php(153): CFormModel->__construct()
#7 /var/www/yii/framework/gii/CCodeGenerator.php(63): CCodeGenerator->prepare()
#8 /var/www/yii/framework/web/actions/CInlineAction.php(49): CCodeGenerator->actionIndex()
#9 /var/www/yii/framework/web/CController.php(308): CInlineAction->runWithParams(Array)
#10 /var/www/yii/framework/web/CController.php(286): CController->runAction(Object(CInlineAction))
#11 /var/www/yii/framework/web/CController.php(265): CController->runActionWithFilters(Object(CInlineAction), Array)
#12 /var/www/yii/framework/web/CWebApplication.php(282): CController->run('index')
#13 /var/www/yii/framework/web/CWebApplication.php(141): CWebApplication->runController('gii/model/index')
#14 /var/www/yii/framework/base/CApplication.php(180): CWebApplication->processRequest()
#15 /var/www/carlos/index.php(13): CApplication->run()
#16 {main}
REQUEST_URI=/carlos/index.php?r=gii/model/index
HTTP_REFERER=http://localhost/carlos/index.php?r=gii/default/index
---
2015/01/09 00:20:10 [error] [exception.CException] exception 'CException' with message 'Alias "application.extensions.mbmenu.MbMenu" is invalid. Make sure it points to an existing PHP file and the file is readable.' in /var/www/yii/framework/YiiBase.php:322
Stack trace:
#0 /var/www/yii/framework/web/CWidgetFactory.php(146): YiiBase::import('application.ext...', true)
#1 /var/www/yii/framework/web/CBaseController.php(146): CWidgetFactory->createWidget(Object(SiteController), 'application.ext...', Array)
#2 /var/www/yii/framework/web/CBaseController.php(172): CBaseController->createWidget('application.ext...', Array)
#3 /var/www/carlos/protected/views/layouts/main.php(52): CBaseController->widget('application.ext...', Array)
#4 /var/www/yii/framework/web/CBaseController.php(126): require('/var/www/carlos...')
#5 /var/www/yii/framework/web/CBaseController.php(95): CBaseController->renderInternal('/var/www/carlos...', Array, true)
#6 /var/www/yii/framework/web/widgets/CContentDecorator.php(76): CBaseController->renderFile('/var/www/carlos...', Array, true)
#7 /var/www/yii/framework/web/widgets/CContentDecorator.php(54): CContentDecorator->decorate('<div id="conten...')
#8 /var/www/yii/framework/web/widgets/COutputProcessor.php(44): CContentDecorator->processOutput('<div id="conten...')
#9 /var/www/yii/framework/web/CBaseController.php(206): COutputProcessor->run()
#10 /var/www/yii/framework/web/CBaseController.php(300): CBaseController->endWidget('CContentDecorat...')
#11 /var/www/carlos/protected/views/layouts/column1.php(6): CBaseController->endContent()
#12 /var/www/yii/framework/web/CBaseController.php(126): require('/var/www/carlos...')
#13 /var/www/yii/framework/web/CBaseController.php(95): CBaseController->renderInternal('/var/www/carlos...', Array, true)
#14 /var/www/yii/framework/web/CController.php(784): CBaseController->renderFile('/var/www/carlos...', Array, true)
#15 /var/www/carlos/protected/controllers/SiteController.php(32): CController->render('index')
#16 /var/www/yii/framework/web/actions/CInlineAction.php(49): SiteController->actionIndex()
#17 /var/www/yii/framework/web/CController.php(308): CInlineAction->runWithParams(Array)
#18 /var/www/yii/framework/web/CController.php(286): CController->runAction(Object(CInlineAction))
#19 /var/www/yii/framework/web/CController.php(265): CController->runActionWithFilters(Object(CInlineAction), Array)
#20 /var/www/yii/framework/web/CWebApplication.php(282): CController->run('')
#21 /var/www/yii/framework/web/CWebApplication.php(141): CWebApplication->runController('')
#22 /var/www/yii/framework/base/CApplication.php(180): CWebApplication->processRequest()
#23 /var/www/carlos/index.php(13): CApplication->run()
#24 {main}
REQUEST_URI=/carlos/index.php
HTTP_REFERER=http://localhost/carlos/index.php?r=site/login
---
2015/01/09 00:20:47 [error] [exception.CException] exception 'CException' with message 'Alias "application.extensions.mbmenu.MbMenu" is invalid. Make sure it points to an existing PHP file and the file is readable.' in /var/www/yii/framework/YiiBase.php:322
Stack trace:
#0 /var/www/yii/framework/web/CWidgetFactory.php(146): YiiBase::import('application.ext...', true)
#1 /var/www/yii/framework/web/CBaseController.php(146): CWidgetFactory->createWidget(Object(SiteController), 'application.ext...', Array)
#2 /var/www/yii/framework/web/CBaseController.php(172): CBaseController->createWidget('application.ext...', Array)
#3 /var/www/carlos/protected/views/layouts/main.php(52): CBaseController->widget('application.ext...', Array)
#4 /var/www/yii/framework/web/CBaseController.php(126): require('/var/www/carlos...')
#5 /var/www/yii/framework/web/CBaseController.php(95): CBaseController->renderInternal('/var/www/carlos...', Array, true)
#6 /var/www/yii/framework/web/widgets/CContentDecorator.php(76): CBaseController->renderFile('/var/www/carlos...', Array, true)
#7 /var/www/yii/framework/web/widgets/CContentDecorator.php(54): CContentDecorator->decorate('<div id="conten...')
#8 /var/www/yii/framework/web/widgets/COutputProcessor.php(44): CContentDecorator->processOutput('<div id="conten...')
#9 /var/www/yii/framework/web/CBaseController.php(206): COutputProcessor->run()
#10 /var/www/yii/framework/web/CBaseController.php(300): CBaseController->endWidget('CContentDecorat...')
#11 /var/www/carlos/protected/views/layouts/column1.php(6): CBaseController->endContent()
#12 /var/www/yii/framework/web/CBaseController.php(126): require('/var/www/carlos...')
#13 /var/www/yii/framework/web/CBaseController.php(95): CBaseController->renderInternal('/var/www/carlos...', Array, true)
#14 /var/www/yii/framework/web/CController.php(784): CBaseController->renderFile('/var/www/carlos...', Array, true)
#15 /var/www/carlos/protected/controllers/SiteController.php(32): CController->render('index')
#16 /var/www/yii/framework/web/actions/CInlineAction.php(49): SiteController->actionIndex()
#17 /var/www/yii/framework/web/CController.php(308): CInlineAction->runWithParams(Array)
#18 /var/www/yii/framework/web/CController.php(286): CController->runAction(Object(CInlineAction))
#19 /var/www/yii/framework/web/CController.php(265): CController->runActionWithFilters(Object(CInlineAction), Array)
#20 /var/www/yii/framework/web/CWebApplication.php(282): CController->run('')
#21 /var/www/yii/framework/web/CWebApplication.php(141): CWebApplication->runController('')
#22 /var/www/yii/framework/base/CApplication.php(180): CWebApplication->processRequest()
#23 /var/www/carlos/index.php(13): CApplication->run()
#24 {main}
REQUEST_URI=/carlos/index.php
HTTP_REFERER=http://localhost/carlos/index.php?r=site/login
---
2015/01/09 00:20:48 [error] [exception.CException] exception 'CException' with message 'Alias "application.extensions.mbmenu.MbMenu" is invalid. Make sure it points to an existing PHP file and the file is readable.' in /var/www/yii/framework/YiiBase.php:322
Stack trace:
#0 /var/www/yii/framework/web/CWidgetFactory.php(146): YiiBase::import('application.ext...', true)
#1 /var/www/yii/framework/web/CBaseController.php(146): CWidgetFactory->createWidget(Object(SiteController), 'application.ext...', Array)
#2 /var/www/yii/framework/web/CBaseController.php(172): CBaseController->createWidget('application.ext...', Array)
#3 /var/www/carlos/protected/views/layouts/main.php(52): CBaseController->widget('application.ext...', Array)
#4 /var/www/yii/framework/web/CBaseController.php(126): require('/var/www/carlos...')
#5 /var/www/yii/framework/web/CBaseController.php(95): CBaseController->renderInternal('/var/www/carlos...', Array, true)
#6 /var/www/yii/framework/web/widgets/CContentDecorator.php(76): CBaseController->renderFile('/var/www/carlos...', Array, true)
#7 /var/www/yii/framework/web/widgets/CContentDecorator.php(54): CContentDecorator->decorate('<div id="conten...')
#8 /var/www/yii/framework/web/widgets/COutputProcessor.php(44): CContentDecorator->processOutput('<div id="conten...')
#9 /var/www/yii/framework/web/CBaseController.php(206): COutputProcessor->run()
#10 /var/www/yii/framework/web/CBaseController.php(300): CBaseController->endWidget('CContentDecorat...')
#11 /var/www/carlos/protected/views/layouts/column1.php(6): CBaseController->endContent()
#12 /var/www/yii/framework/web/CBaseController.php(126): require('/var/www/carlos...')
#13 /var/www/yii/framework/web/CBaseController.php(95): CBaseController->renderInternal('/var/www/carlos...', Array, true)
#14 /var/www/yii/framework/web/CController.php(784): CBaseController->renderFile('/var/www/carlos...', Array, true)
#15 /var/www/carlos/protected/controllers/SiteController.php(32): CController->render('index')
#16 /var/www/yii/framework/web/actions/CInlineAction.php(49): SiteController->actionIndex()
#17 /var/www/yii/framework/web/CController.php(308): CInlineAction->runWithParams(Array)
#18 /var/www/yii/framework/web/CController.php(286): CController->runAction(Object(CInlineAction))
#19 /var/www/yii/framework/web/CController.php(265): CController->runActionWithFilters(Object(CInlineAction), Array)
#20 /var/www/yii/framework/web/CWebApplication.php(282): CController->run('')
#21 /var/www/yii/framework/web/CWebApplication.php(141): CWebApplication->runController('')
#22 /var/www/yii/framework/base/CApplication.php(180): CWebApplication->processRequest()
#23 /var/www/carlos/index.php(13): CApplication->run()
#24 {main}
REQUEST_URI=/carlos/index.php
HTTP_REFERER=http://localhost/carlos/index.php?r=site/login
---
2015/01/09 00:35:40 [error] [exception.CHttpException.404] exception 'CHttpException' with message 'No es posible resolver la solicitud "controlador/admin"' in /var/www/yii/framework/web/CWebApplication.php:286
Stack trace:
#0 /var/www/yii/framework/web/CWebApplication.php(141): CWebApplication->runController('')
#1 /var/www/yii/framework/base/CApplication.php(180): CWebApplication->processRequest()
#2 /var/www/carlos/index.php(13): CApplication->run()
#3 {main}
REQUEST_URI=/carlos/index.php
HTTP_REFERER=http://localhost/carlos/index.php?r=datos/admin
---
2015/01/09 00:35:44 [error] [exception.CHttpException.404] exception 'CHttpException' with message 'No es posible resolver la solicitud "controlador/admin"' in /var/www/yii/framework/web/CWebApplication.php:286
Stack trace:
#0 /var/www/yii/framework/web/CWebApplication.php(141): CWebApplication->runController('')
#1 /var/www/yii/framework/base/CApplication.php(180): CWebApplication->processRequest()
#2 /var/www/carlos/index.php(13): CApplication->run()
#3 {main}
REQUEST_URI=/carlos/index.php
HTTP_REFERER=http://localhost/carlos/index.php?r=datos/admin
---
2015/01/09 00:35:46 [error] [exception.CHttpException.404] exception 'CHttpException' with message 'No es posible resolver la solicitud "controlador/admin"' in /var/www/yii/framework/web/CWebApplication.php:286
Stack trace:
#0 /var/www/yii/framework/web/CWebApplication.php(141): CWebApplication->runController('')
#1 /var/www/yii/framework/base/CApplication.php(180): CWebApplication->processRequest()
#2 /var/www/carlos/index.php(13): CApplication->run()
#3 {main}
REQUEST_URI=/carlos/index.php
HTTP_REFERER=http://localhost/carlos/index.php?r=datos/admin
---
2015/01/09 00:35:53 [error] [exception.CHttpException.404] exception 'CHttpException' with message 'No es posible resolver la solicitud "controlador/admin"' in /var/www/yii/framework/web/CWebApplication.php:286
Stack trace:
#0 /var/www/yii/framework/web/CWebApplication.php(141): CWebApplication->runController('')
#1 /var/www/yii/framework/base/CApplication.php(180): CWebApplication->processRequest()
#2 /var/www/carlos/index.php(13): CApplication->run()
#3 {main}
REQUEST_URI=/carlos/index.php
HTTP_REFERER=http://localhost/carlos/index.php?r=datos/admin
---
2015/01/09 00:41:52 [error] [exception.CException] exception 'CException' with message 'La propiedad "Datos"."fecha" no se encuentra definida.' in /var/www/yii/framework/base/CComponent.php:130
Stack trace:
#0 /var/www/yii/framework/db/ar/CActiveRecord.php(145): CComponent->__get('fecha')
#1 /var/www/carlos/protected/views/datos/_form.php(37): CActiveRecord->__get('fecha')
#2 /var/www/yii/framework/web/CBaseController.php(126): require('/var/www/carlos...')
#3 /var/www/yii/framework/web/CBaseController.php(95): CBaseController->renderInternal('/var/www/carlos...', Array, true)
#4 /var/www/yii/framework/web/CController.php(869): CBaseController->renderFile('/var/www/carlos...', Array, true)
#5 /var/www/carlos/protected/views/datos/create.php(18): CController->renderPartial('_form', Array)
#6 /var/www/yii/framework/web/CBaseController.php(126): require('/var/www/carlos...')
#7 /var/www/yii/framework/web/CBaseController.php(95): CBaseController->renderInternal('/var/www/carlos...', Array, true)
#8 /var/www/yii/framework/web/CController.php(869): CBaseController->renderFile('/var/www/carlos...', Array, true)
#9 /var/www/yii/framework/web/CController.php(782): CController->renderPartial('create', Array, true)
#10 /var/www/carlos/protected/controllers/DatosController.php(79): CController->render('create', Array)
#11 /var/www/yii/framework/web/actions/CInlineAction.php(49): DatosController->actionCreate()
#12 /var/www/yii/framework/web/CController.php(308): CInlineAction->runWithParams(Array)
#13 /var/www/yii/framework/web/filters/CFilterChain.php(133): CController->runAction(Object(CInlineAction))
#14 /var/www/yii/framework/web/filters/CFilter.php(40): CFilterChain->run()
#15 /var/www/yii/framework/web/CController.php(1145): CFilter->filter(Object(CFilterChain))
#16 /var/www/yii/framework/web/filters/CInlineFilter.php(58): CController->filterAccessControl(Object(CFilterChain))
#17 /var/www/yii/framework/web/filters/CFilterChain.php(130): CInlineFilter->filter(Object(CFilterChain))
#18 /var/www/yii/framework/web/CController.php(291): CFilterChain->run()
#19 /var/www/yii/framework/web/CController.php(265): CController->runActionWithFilters(Object(CInlineAction), Array)
#20 /var/www/yii/framework/web/CWebApplication.php(282): CController->run('create')
#21 /var/www/yii/framework/web/CWebApplication.php(141): CWebApplication->runController('datos/create')
#22 /var/www/yii/framework/base/CApplication.php(180): CWebApplication->processRequest()
#23 /var/www/carlos/index.php(13): CApplication->run()
#24 {main}
REQUEST_URI=/carlos/index.php?r=datos/create
HTTP_REFERER=http://localhost/carlos/index.php?r=datos/admin
---
2015/01/09 02:02:42 [error] [php] Undefined variable: model (/var/www/carlos/protected/views/layouts/main.php:37)
Stack trace:
#0 /var/www/yii/framework/web/widgets/CContentDecorator.php(76): DatosController->renderFile()
#1 /var/www/yii/framework/web/widgets/CContentDecorator.php(54): CContentDecorator->decorate()
#2 /var/www/yii/framework/web/widgets/COutputProcessor.php(44): CContentDecorator->processOutput()
#3 /var/www/yii/framework/web/CBaseController.php(206): CContentDecorator->run()
#4 /var/www/yii/framework/web/CBaseController.php(300): DatosController->endWidget()
#5 /var/www/carlos/protected/views/layouts/column2.php(19): DatosController->endContent()
#6 /var/www/yii/framework/web/CBaseController.php(126): require()
#7 /var/www/yii/framework/web/CBaseController.php(95): DatosController->renderInternal()
#8 /var/www/yii/framework/web/CController.php(784): DatosController->renderFile()
#9 /var/www/carlos/protected/controllers/DatosController.php(79): DatosController->render()
#10 /var/www/yii/framework/web/actions/CInlineAction.php(49): DatosController->actionCreate()
#11 /var/www/yii/framework/web/CController.php(308): CInlineAction->runWithParams()
#12 /var/www/yii/framework/web/filters/CFilterChain.php(133): DatosController->runAction()
#13 /var/www/yii/framework/web/filters/CFilter.php(40): CFilterChain->run()
#14 /var/www/yii/framework/web/CController.php(1145): CAccessControlFilter->filter()
#15 /var/www/yii/framework/web/filters/CInlineFilter.php(58): DatosController->filterAccessControl()
#16 /var/www/yii/framework/web/filters/CFilterChain.php(130): CInlineFilter->filter()
#17 /var/www/yii/framework/web/CController.php(291): CFilterChain->run()
#18 /var/www/yii/framework/web/CController.php(265): DatosController->runActionWithFilters()
#19 /var/www/yii/framework/web/CWebApplication.php(282): DatosController->run()
#20 /var/www/yii/framework/web/CWebApplication.php(141): CWebApplication->runController()
#21 /var/www/yii/framework/base/CApplication.php(180): CWebApplication->processRequest()
#22 /var/www/carlos/index.php(13): CWebApplication->run()
REQUEST_URI=/carlos/index.php?r=datos/create
in /var/www/carlos/protected/views/layouts/main.php (37)
in /var/www/carlos/protected/views/layouts/column2.php (19)
in /var/www/carlos/protected/controllers/DatosController.php (79)
2015/01/09 02:03:10 [error] [php] Undefined variable: model (/var/www/carlos/protected/views/layouts/main.php:40)
Stack trace:
#0 /var/www/yii/framework/web/widgets/CContentDecorator.php(76): DatosController->renderFile()
#1 /var/www/yii/framework/web/widgets/CContentDecorator.php(54): CContentDecorator->decorate()
#2 /var/www/yii/framework/web/widgets/COutputProcessor.php(44): CContentDecorator->processOutput()
#3 /var/www/yii/framework/web/CBaseController.php(206): CContentDecorator->run()
#4 /var/www/yii/framework/web/CBaseController.php(300): DatosController->endWidget()
#5 /var/www/carlos/protected/views/layouts/column2.php(19): DatosController->endContent()
#6 /var/www/yii/framework/web/CBaseController.php(126): require()
#7 /var/www/yii/framework/web/CBaseController.php(95): DatosController->renderInternal()
#8 /var/www/yii/framework/web/CController.php(784): DatosController->renderFile()
#9 /var/www/carlos/protected/controllers/DatosController.php(79): DatosController->render()
#10 /var/www/yii/framework/web/actions/CInlineAction.php(49): DatosController->actionCreate()
#11 /var/www/yii/framework/web/CController.php(308): CInlineAction->runWithParams()
#12 /var/www/yii/framework/web/filters/CFilterChain.php(133): DatosController->runAction()
#13 /var/www/yii/framework/web/filters/CFilter.php(40): CFilterChain->run()
#14 /var/www/yii/framework/web/CController.php(1145): CAccessControlFilter->filter()
#15 /var/www/yii/framework/web/filters/CInlineFilter.php(58): DatosController->filterAccessControl()
#16 /var/www/yii/framework/web/filters/CFilterChain.php(130): CInlineFilter->filter()
#17 /var/www/yii/framework/web/CController.php(291): CFilterChain->run()
#18 /var/www/yii/framework/web/CController.php(265): DatosController->runActionWithFilters()
#19 /var/www/yii/framework/web/CWebApplication.php(282): DatosController->run()
#20 /var/www/yii/framework/web/CWebApplication.php(141): CWebApplication->runController()
#21 /var/www/yii/framework/base/CApplication.php(180): CWebApplication->processRequest()
#22 /var/www/carlos/index.php(13): CWebApplication->run()
REQUEST_URI=/carlos/index.php?r=datos/create
in /var/www/carlos/protected/views/layouts/main.php (40)
in /var/www/carlos/protected/views/layouts/column2.php (19)
in /var/www/carlos/protected/controllers/DatosController.php (79)
2015/01/09 02:06:57 [error] [php] Undefined variable: model (/var/www/carlos/protected/views/layouts/main.php:40)
Stack trace:
#0 /var/www/yii/framework/web/widgets/CContentDecorator.php(76): DatosController->renderFile()
#1 /var/www/yii/framework/web/widgets/CContentDecorator.php(54): CContentDecorator->decorate()
#2 /var/www/yii/framework/web/widgets/COutputProcessor.php(44): CContentDecorator->processOutput()
#3 /var/www/yii/framework/web/CBaseController.php(206): CContentDecorator->run()
#4 /var/www/yii/framework/web/CBaseController.php(300): DatosController->endWidget()
#5 /var/www/carlos/protected/views/layouts/column2.php(19): DatosController->endContent()
#6 /var/www/yii/framework/web/CBaseController.php(126): require()
#7 /var/www/yii/framework/web/CBaseController.php(95): DatosController->renderInternal()
#8 /var/www/yii/framework/web/CController.php(784): DatosController->renderFile()
#9 /var/www/carlos/protected/controllers/DatosController.php(143): DatosController->render()
#10 /var/www/yii/framework/web/actions/CInlineAction.php(49): DatosController->actionAdmin()
#11 /var/www/yii/framework/web/CController.php(308): CInlineAction->runWithParams()
#12 /var/www/yii/framework/web/filters/CFilterChain.php(133): DatosController->runAction()
#13 /var/www/yii/framework/web/filters/CFilter.php(40): CFilterChain->run()
#14 /var/www/yii/framework/web/CController.php(1145): CAccessControlFilter->filter()
#15 /var/www/yii/framework/web/filters/CInlineFilter.php(58): DatosController->filterAccessControl()
#16 /var/www/yii/framework/web/filters/CFilterChain.php(130): CInlineFilter->filter()
#17 /var/www/yii/framework/web/CController.php(291): CFilterChain->run()
#18 /var/www/yii/framework/web/CController.php(265): DatosController->runActionWithFilters()
#19 /var/www/yii/framework/web/CWebApplication.php(282): DatosController->run()
#20 /var/www/yii/framework/web/CWebApplication.php(141): CWebApplication->runController()
#21 /var/www/yii/framework/base/CApplication.php(180): CWebApplication->processRequest()
#22 /var/www/carlos/index.php(13): CWebApplication->run()
REQUEST_URI=/carlos/index.php?r=datos/admin
in /var/www/carlos/protected/views/layouts/main.php (40)
in /var/www/carlos/protected/views/layouts/column2.php (19)
in /var/www/carlos/protected/controllers/DatosController.php (143)
2015/01/12 13:27:24 [error] [exception.CException] exception 'CException' with message 'El alias "ext.bootstrap.components.Bootstrap" es inválido. Asegúrese de que apunta a un archivo PHP existente y que el archivo tiene permisos de lectura.' in /var/www/yii/framework/YiiBase.php:322
Stack trace:
#0 /var/www/yii/framework/YiiBase.php(196): YiiBase::import('ext.bootstrap.c...', true)
#1 /var/www/yii/framework/base/CModule.php(386): YiiBase::createComponent(Array)
#2 /var/www/yii/framework/base/CModule.php(523): CModule->getComponent('bootstrap')
#3 /var/www/yii/framework/base/CApplication.php(163): CModule->preloadComponents()
#4 /var/www/yii/framework/YiiBase.php(125): CApplication->__construct('/var/www/carlos...')
#5 /var/www/yii/framework/YiiBase.php(98): YiiBase::createApplication('CWebApplication', '/var/www/carlos...')
#6 /var/www/carlos/index.php(13): YiiBase::createWebApplication('/var/www/carlos...')
#7 {main}
REQUEST_URI=/carlos/index.php?r=datos/admin
HTTP_REFERER=http://localhost/carlos/index.php?r=datos/index
---
2015/01/12 13:27:29 [error] [exception.CException] exception 'CException' with message 'El alias "ext.bootstrap.components.Bootstrap" es inválido. Asegúrese de que apunta a un archivo PHP existente y que el archivo tiene permisos de lectura.' in /var/www/yii/framework/YiiBase.php:322
Stack trace:
#0 /var/www/yii/framework/YiiBase.php(196): YiiBase::import('ext.bootstrap.c...', true)
#1 /var/www/yii/framework/base/CModule.php(386): YiiBase::createComponent(Array)
#2 /var/www/yii/framework/base/CModule.php(523): CModule->getComponent('bootstrap')
#3 /var/www/yii/framework/base/CApplication.php(163): CModule->preloadComponents()
#4 /var/www/yii/framework/YiiBase.php(125): CApplication->__construct('/var/www/carlos...')
#5 /var/www/yii/framework/YiiBase.php(98): YiiBase::createApplication('CWebApplication', '/var/www/carlos...')
#6 /var/www/carlos/index.php(13): YiiBase::createWebApplication('/var/www/carlos...')
#7 {main}
REQUEST_URI=/carlos/index.php?r=datos/admin
HTTP_REFERER=http://localhost/carlos/index.php?r=datos/index
---
2015/01/12 13:27:30 [error] [exception.CException] exception 'CException' with message 'El alias "ext.bootstrap.components.Bootstrap" es inválido. Asegúrese de que apunta a un archivo PHP existente y que el archivo tiene permisos de lectura.' in /var/www/yii/framework/YiiBase.php:322
Stack trace:
#0 /var/www/yii/framework/YiiBase.php(196): YiiBase::import('ext.bootstrap.c...', true)
#1 /var/www/yii/framework/base/CModule.php(386): YiiBase::createComponent(Array)
#2 /var/www/yii/framework/base/CModule.php(523): CModule->getComponent('bootstrap')
#3 /var/www/yii/framework/base/CApplication.php(163): CModule->preloadComponents()
#4 /var/www/yii/framework/YiiBase.php(125): CApplication->__construct('/var/www/carlos...')
#5 /var/www/yii/framework/YiiBase.php(98): YiiBase::createApplication('CWebApplication', '/var/www/carlos...')
#6 /var/www/carlos/index.php(13): YiiBase::createWebApplication('/var/www/carlos...')
#7 {main}
REQUEST_URI=/carlos/index.php?r=datos/admin
HTTP_REFERER=http://localhost/carlos/index.php?r=datos/index
---
2015/01/12 13:35:41 [error] [exception.CException] exception 'CException' with message 'La propiedad "Datos"."str_telefonop" no se encuentra definida.' in /var/www/yii/framework/base/CComponent.php:130
Stack trace:
#0 /var/www/yii/framework/db/ar/CActiveRecord.php(145): CComponent->__get('str_telefonop')
#1 /var/www/yii/framework/web/helpers/CHtml.php(2529): CActiveRecord->__get('str_telefonop')
#2 /var/www/yii/framework/web/helpers/CHtml.php(2252): CHtml::resolveValue(Object(Datos), 'str_telefonop')
#3 /var/www/yii/framework/web/helpers/CHtml.php(1434): CHtml::activeInputField('text', Object(Datos), 'str_telefonop', Array)
#4 /var/www/yii/framework/web/widgets/CMaskedTextField.php(72): CHtml::activeTextField(Object(Datos), 'str_telefonop', Array)
#5 /var/www/yii/framework/web/CBaseController.php(173): CMaskedTextField->run()
#6 /var/www/carlos/protected/views/datos/_form.php(77): CBaseController->widget('CMaskedTextFiel...', Array)
#7 /var/www/yii/framework/web/CBaseController.php(126): require('/var/www/carlos...')
#8 /var/www/yii/framework/web/CBaseController.php(95): CBaseController->renderInternal('/var/www/carlos...', Array, true)
#9 /var/www/yii/framework/web/CController.php(869): CBaseController->renderFile('/var/www/carlos...', Array, true)
#10 /var/www/carlos/protected/views/datos/create.php(18): CController->renderPartial('_form', Array)
#11 /var/www/yii/framework/web/CBaseController.php(126): require('/var/www/carlos...')
#12 /var/www/yii/framework/web/CBaseController.php(95): CBaseController->renderInternal('/var/www/carlos...', Array, true)
#13 /var/www/yii/framework/web/CController.php(869): CBaseController->renderFile('/var/www/carlos...', Array, true)
#14 /var/www/yii/framework/web/CController.php(782): CController->renderPartial('create', Array, true)
#15 /var/www/carlos/protected/controllers/DatosController.php(79): CController->render('create', Array)
#16 /var/www/yii/framework/web/actions/CInlineAction.php(49): DatosController->actionCreate()
#17 /var/www/yii/framework/web/CController.php(308): CInlineAction->runWithParams(Array)
#18 /var/www/yii/framework/web/filters/CFilterChain.php(133): CController->runAction(Object(CInlineAction))
#19 /var/www/yii/framework/web/filters/CFilter.php(40): CFilterChain->run()
#20 /var/www/yii/framework/web/CController.php(1145): CFilter->filter(Object(CFilterChain))
#21 /var/www/yii/framework/web/filters/CInlineFilter.php(58): CController->filterAccessControl(Object(CFilterChain))
#22 /var/www/yii/framework/web/filters/CFilterChain.php(130): CInlineFilter->filter(Object(CFilterChain))
#23 /var/www/yii/framework/web/CController.php(291): CFilterChain->run()
#24 /var/www/yii/framework/web/CController.php(265): CController->runActionWithFilters(Object(CInlineAction), Array)
#25 /var/www/yii/framework/web/CWebApplication.php(282): CController->run('create')
#26 /var/www/yii/framework/web/CWebApplication.php(141): CWebApplication->runController('datos/create')
#27 /var/www/yii/framework/base/CApplication.php(180): CWebApplication->processRequest()
#28 /var/www/carlos/index.php(13): CApplication->run()
#29 {main}
REQUEST_URI=/carlos/index.php?r=datos/create
HTTP_REFERER=http://localhost/carlos/index.php?r=datos/admin
---
2015/01/12 13:36:20 [error] [system.db.CDbCommand] CDbCommand::execute() falló: SQLSTATE[22007]: Invalid datetime format: 7 ERROR:  la sintaxis de entrada no es válida para tipo date: «»
LINE 1: ..., "fecha_nacimiento", "telefono") VALUES ('', '', '', '(0426...
                                                             ^. La sentencia SQL ejecutada fue: INSERT INTO "datos" ("nombres", "apellidos", "fecha_nacimiento", "telefono") VALUES (:yp0, :yp1, :yp2, :yp3).
in /var/www/carlos/protected/controllers/DatosController.php (73)
in /var/www/carlos/index.php (13)
2015/01/12 13:36:20 [error] [exception.CDbException] exception 'CDbException' with message 'CDbCommand falló al ejecutar la sentencia SQL: SQLSTATE[22007]: Invalid datetime format: 7 ERROR:  la sintaxis de entrada no es válida para tipo date: «»
LINE 1: ..., "fecha_nacimiento", "telefono") VALUES ('', '', '', '(0426...
                                                             ^. The SQL statement executed was: INSERT INTO "datos" ("nombres", "apellidos", "fecha_nacimiento", "telefono") VALUES (:yp0, :yp1, :yp2, :yp3)' in /var/www/yii/framework/db/CDbCommand.php:358
Stack trace:
#0 /var/www/yii/framework/db/ar/CActiveRecord.php(1077): CDbCommand->execute()
#1 /var/www/yii/framework/db/ar/CActiveRecord.php(806): CActiveRecord->insert(NULL)
#2 /var/www/carlos/protected/controllers/DatosController.php(73): CActiveRecord->save()
#3 /var/www/yii/framework/web/actions/CInlineAction.php(49): DatosController->actionCreate()
#4 /var/www/yii/framework/web/CController.php(308): CInlineAction->runWithParams(Array)
#5 /var/www/yii/framework/web/filters/CFilterChain.php(133): CController->runAction(Object(CInlineAction))
#6 /var/www/yii/framework/web/filters/CFilter.php(40): CFilterChain->run()
#7 /var/www/yii/framework/web/CController.php(1145): CFilter->filter(Object(CFilterChain))
#8 /var/www/yii/framework/web/filters/CInlineFilter.php(58): CController->filterAccessControl(Object(CFilterChain))
#9 /var/www/yii/framework/web/filters/CFilterChain.php(130): CInlineFilter->filter(Object(CFilterChain))
#10 /var/www/yii/framework/web/CController.php(291): CFilterChain->run()
#11 /var/www/yii/framework/web/CController.php(265): CController->runActionWithFilters(Object(CInlineAction), Array)
#12 /var/www/yii/framework/web/CWebApplication.php(282): CController->run('create')
#13 /var/www/yii/framework/web/CWebApplication.php(141): CWebApplication->runController('datos/create')
#14 /var/www/yii/framework/base/CApplication.php(180): CWebApplication->processRequest()
#15 /var/www/carlos/index.php(13): CApplication->run()
#16 {main}
REQUEST_URI=/carlos/index.php?r=datos/create
HTTP_REFERER=http://localhost/carlos/index.php?r=datos/create
---
2015/01/12 13:37:22 [error] [system.db.CDbCommand] CDbCommand::execute() falló: SQLSTATE[22P02]: Invalid text representation: 7 ERROR:  la sintaxis de entrada no es válida para el tipo numeric: «(0424)-362-7916»
LINE 1: ...Luis ALfredo', 'Rodriguez Ramirez', '18-09-1986', '(0424)-36...
                                                             ^. La sentencia SQL ejecutada fue: INSERT INTO "datos" ("nombres", "apellidos", "fecha_nacimiento", "telefono") VALUES (:yp0, :yp1, :yp2, :yp3).
in /var/www/carlos/protected/controllers/DatosController.php (73)
in /var/www/carlos/index.php (13)
2015/01/12 13:37:22 [error] [exception.CDbException] exception 'CDbException' with message 'CDbCommand falló al ejecutar la sentencia SQL: SQLSTATE[22P02]: Invalid text representation: 7 ERROR:  la sintaxis de entrada no es válida para el tipo numeric: «(0424)-362-7916»
LINE 1: ...Luis ALfredo', 'Rodriguez Ramirez', '18-09-1986', '(0424)-36...
                                                             ^. The SQL statement executed was: INSERT INTO "datos" ("nombres", "apellidos", "fecha_nacimiento", "telefono") VALUES (:yp0, :yp1, :yp2, :yp3)' in /var/www/yii/framework/db/CDbCommand.php:358
Stack trace:
#0 /var/www/yii/framework/db/ar/CActiveRecord.php(1077): CDbCommand->execute()
#1 /var/www/yii/framework/db/ar/CActiveRecord.php(806): CActiveRecord->insert(NULL)
#2 /var/www/carlos/protected/controllers/DatosController.php(73): CActiveRecord->save()
#3 /var/www/yii/framework/web/actions/CInlineAction.php(49): DatosController->actionCreate()
#4 /var/www/yii/framework/web/CController.php(308): CInlineAction->runWithParams(Array)
#5 /var/www/yii/framework/web/filters/CFilterChain.php(133): CController->runAction(Object(CInlineAction))
#6 /var/www/yii/framework/web/filters/CFilter.php(40): CFilterChain->run()
#7 /var/www/yii/framework/web/CController.php(1145): CFilter->filter(Object(CFilterChain))
#8 /var/www/yii/framework/web/filters/CInlineFilter.php(58): CController->filterAccessControl(Object(CFilterChain))
#9 /var/www/yii/framework/web/filters/CFilterChain.php(130): CInlineFilter->filter(Object(CFilterChain))
#10 /var/www/yii/framework/web/CController.php(291): CFilterChain->run()
#11 /var/www/yii/framework/web/CController.php(265): CController->runActionWithFilters(Object(CInlineAction), Array)
#12 /var/www/yii/framework/web/CWebApplication.php(282): CController->run('create')
#13 /var/www/yii/framework/web/CWebApplication.php(141): CWebApplication->runController('datos/create')
#14 /var/www/yii/framework/base/CApplication.php(180): CWebApplication->processRequest()
#15 /var/www/carlos/index.php(13): CApplication->run()
#16 {main}
REQUEST_URI=/carlos/index.php?r=datos/create
HTTP_REFERER=http://localhost/carlos/index.php?r=datos/create
---
2015/01/12 13:38:41 [error] [system.db.CDbCommand] CDbCommand::execute() falló: SQLSTATE[22P02]: Invalid text representation: 7 ERROR:  la sintaxis de entrada no es válida para el tipo numeric: «(0424)-362-7916»
LINE 1: ...Luis ALfredo', 'Rodriguez Ramirez', '18-09-1986', '(0424)-36...
                                                             ^. La sentencia SQL ejecutada fue: INSERT INTO "datos" ("nombres", "apellidos", "fecha_nacimiento", "telefono") VALUES (:yp0, :yp1, :yp2, :yp3).
in /var/www/carlos/protected/controllers/DatosController.php (73)
in /var/www/carlos/index.php (13)
2015/01/12 13:38:41 [error] [exception.CDbException] exception 'CDbException' with message 'CDbCommand falló al ejecutar la sentencia SQL: SQLSTATE[22P02]: Invalid text representation: 7 ERROR:  la sintaxis de entrada no es válida para el tipo numeric: «(0424)-362-7916»
LINE 1: ...Luis ALfredo', 'Rodriguez Ramirez', '18-09-1986', '(0424)-36...
                                                             ^. The SQL statement executed was: INSERT INTO "datos" ("nombres", "apellidos", "fecha_nacimiento", "telefono") VALUES (:yp0, :yp1, :yp2, :yp3)' in /var/www/yii/framework/db/CDbCommand.php:358
Stack trace:
#0 /var/www/yii/framework/db/ar/CActiveRecord.php(1077): CDbCommand->execute()
#1 /var/www/yii/framework/db/ar/CActiveRecord.php(806): CActiveRecord->insert(NULL)
#2 /var/www/carlos/protected/controllers/DatosController.php(73): CActiveRecord->save()
#3 /var/www/yii/framework/web/actions/CInlineAction.php(49): DatosController->actionCreate()
#4 /var/www/yii/framework/web/CController.php(308): CInlineAction->runWithParams(Array)
#5 /var/www/yii/framework/web/filters/CFilterChain.php(133): CController->runAction(Object(CInlineAction))
#6 /var/www/yii/framework/web/filters/CFilter.php(40): CFilterChain->run()
#7 /var/www/yii/framework/web/CController.php(1145): CFilter->filter(Object(CFilterChain))
#8 /var/www/yii/framework/web/filters/CInlineFilter.php(58): CController->filterAccessControl(Object(CFilterChain))
#9 /var/www/yii/framework/web/filters/CFilterChain.php(130): CInlineFilter->filter(Object(CFilterChain))
#10 /var/www/yii/framework/web/CController.php(291): CFilterChain->run()
#11 /var/www/yii/framework/web/CController.php(265): CController->runActionWithFilters(Object(CInlineAction), Array)
#12 /var/www/yii/framework/web/CWebApplication.php(282): CController->run('create')
#13 /var/www/yii/framework/web/CWebApplication.php(141): CWebApplication->runController('datos/create')
#14 /var/www/yii/framework/base/CApplication.php(180): CWebApplication->processRequest()
#15 /var/www/carlos/index.php(13): CApplication->run()
#16 {main}
REQUEST_URI=/carlos/index.php?r=datos/create
HTTP_REFERER=http://localhost/carlos/index.php?r=datos/create
---
2015/01/12 13:38:55 [error] [system.db.CDbCommand] CDbCommand::execute() falló: SQLSTATE[22P02]: Invalid text representation: 7 ERROR:  la sintaxis de entrada no es válida para el tipo numeric: «(0424)-362-7916»
LINE 1: ...Luis ALfredo', 'Rodriguez Ramirez', '18-09-1986', '(0424)-36...
                                                             ^. La sentencia SQL ejecutada fue: INSERT INTO "datos" ("nombres", "apellidos", "fecha_nacimiento", "telefono") VALUES (:yp0, :yp1, :yp2, :yp3).
in /var/www/carlos/protected/controllers/DatosController.php (73)
in /var/www/carlos/index.php (13)
2015/01/12 13:38:55 [error] [exception.CDbException] exception 'CDbException' with message 'CDbCommand falló al ejecutar la sentencia SQL: SQLSTATE[22P02]: Invalid text representation: 7 ERROR:  la sintaxis de entrada no es válida para el tipo numeric: «(0424)-362-7916»
LINE 1: ...Luis ALfredo', 'Rodriguez Ramirez', '18-09-1986', '(0424)-36...
                                                             ^. The SQL statement executed was: INSERT INTO "datos" ("nombres", "apellidos", "fecha_nacimiento", "telefono") VALUES (:yp0, :yp1, :yp2, :yp3)' in /var/www/yii/framework/db/CDbCommand.php:358
Stack trace:
#0 /var/www/yii/framework/db/ar/CActiveRecord.php(1077): CDbCommand->execute()
#1 /var/www/yii/framework/db/ar/CActiveRecord.php(806): CActiveRecord->insert(NULL)
#2 /var/www/carlos/protected/controllers/DatosController.php(73): CActiveRecord->save()
#3 /var/www/yii/framework/web/actions/CInlineAction.php(49): DatosController->actionCreate()
#4 /var/www/yii/framework/web/CController.php(308): CInlineAction->runWithParams(Array)
#5 /var/www/yii/framework/web/filters/CFilterChain.php(133): CController->runAction(Object(CInlineAction))
#6 /var/www/yii/framework/web/filters/CFilter.php(40): CFilterChain->run()
#7 /var/www/yii/framework/web/CController.php(1145): CFilter->filter(Object(CFilterChain))
#8 /var/www/yii/framework/web/filters/CInlineFilter.php(58): CController->filterAccessControl(Object(CFilterChain))
#9 /var/www/yii/framework/web/filters/CFilterChain.php(130): CInlineFilter->filter(Object(CFilterChain))
#10 /var/www/yii/framework/web/CController.php(291): CFilterChain->run()
#11 /var/www/yii/framework/web/CController.php(265): CController->runActionWithFilters(Object(CInlineAction), Array)
#12 /var/www/yii/framework/web/CWebApplication.php(282): CController->run('create')
#13 /var/www/yii/framework/web/CWebApplication.php(141): CWebApplication->runController('datos/create')
#14 /var/www/yii/framework/base/CApplication.php(180): CWebApplication->processRequest()
#15 /var/www/carlos/index.php(13): CApplication->run()
#16 {main}
REQUEST_URI=/carlos/index.php?r=datos/create
HTTP_REFERER=http://localhost/carlos/index.php?r=datos/create
---
2015/01/12 13:40:50 [error] [system.db.CDbCommand] CDbCommand::execute() falló: SQLSTATE[22001]: String data, right truncated: 7 ERROR:  el valor es demasiado largo para el tipo character varying(12). La sentencia SQL ejecutada fue: INSERT INTO "datos" ("nombres", "apellidos", "fecha_nacimiento", "telefono") VALUES (:yp0, :yp1, :yp2, :yp3).
in /var/www/carlos/protected/controllers/DatosController.php (73)
in /var/www/carlos/index.php (13)
2015/01/12 13:40:50 [error] [exception.CDbException] exception 'CDbException' with message 'CDbCommand falló al ejecutar la sentencia SQL: SQLSTATE[22001]: String data, right truncated: 7 ERROR:  el valor es demasiado largo para el tipo character varying(12). The SQL statement executed was: INSERT INTO "datos" ("nombres", "apellidos", "fecha_nacimiento", "telefono") VALUES (:yp0, :yp1, :yp2, :yp3)' in /var/www/yii/framework/db/CDbCommand.php:358
Stack trace:
#0 /var/www/yii/framework/db/ar/CActiveRecord.php(1077): CDbCommand->execute()
#1 /var/www/yii/framework/db/ar/CActiveRecord.php(806): CActiveRecord->insert(NULL)
#2 /var/www/carlos/protected/controllers/DatosController.php(73): CActiveRecord->save()
#3 /var/www/yii/framework/web/actions/CInlineAction.php(49): DatosController->actionCreate()
#4 /var/www/yii/framework/web/CController.php(308): CInlineAction->runWithParams(Array)
#5 /var/www/yii/framework/web/filters/CFilterChain.php(133): CController->runAction(Object(CInlineAction))
#6 /var/www/yii/framework/web/filters/CFilter.php(40): CFilterChain->run()
#7 /var/www/yii/framework/web/CController.php(1145): CFilter->filter(Object(CFilterChain))
#8 /var/www/yii/framework/web/filters/CInlineFilter.php(58): CController->filterAccessControl(Object(CFilterChain))
#9 /var/www/yii/framework/web/filters/CFilterChain.php(130): CInlineFilter->filter(Object(CFilterChain))
#10 /var/www/yii/framework/web/CController.php(291): CFilterChain->run()
#11 /var/www/yii/framework/web/CController.php(265): CController->runActionWithFilters(Object(CInlineAction), Array)
#12 /var/www/yii/framework/web/CWebApplication.php(282): CController->run('create')
#13 /var/www/yii/framework/web/CWebApplication.php(141): CWebApplication->runController('datos/create')
#14 /var/www/yii/framework/base/CApplication.php(180): CWebApplication->processRequest()
#15 /var/www/carlos/index.php(13): CApplication->run()
#16 {main}
REQUEST_URI=/carlos/index.php?r=datos/create
HTTP_REFERER=http://localhost/carlos/index.php?r=datos/create
---
2015/01/12 13:41:03 [error] [system.db.CDbCommand] CDbCommand::execute() falló: SQLSTATE[22001]: String data, right truncated: 7 ERROR:  el valor es demasiado largo para el tipo character varying(12). La sentencia SQL ejecutada fue: INSERT INTO "datos" ("nombres", "apellidos", "fecha_nacimiento", "telefono") VALUES (:yp0, :yp1, :yp2, :yp3).
in /var/www/carlos/protected/controllers/DatosController.php (73)
in /var/www/carlos/index.php (13)
2015/01/12 13:41:03 [error] [exception.CDbException] exception 'CDbException' with message 'CDbCommand falló al ejecutar la sentencia SQL: SQLSTATE[22001]: String data, right truncated: 7 ERROR:  el valor es demasiado largo para el tipo character varying(12). The SQL statement executed was: INSERT INTO "datos" ("nombres", "apellidos", "fecha_nacimiento", "telefono") VALUES (:yp0, :yp1, :yp2, :yp3)' in /var/www/yii/framework/db/CDbCommand.php:358
Stack trace:
#0 /var/www/yii/framework/db/ar/CActiveRecord.php(1077): CDbCommand->execute()
#1 /var/www/yii/framework/db/ar/CActiveRecord.php(806): CActiveRecord->insert(NULL)
#2 /var/www/carlos/protected/controllers/DatosController.php(73): CActiveRecord->save()
#3 /var/www/yii/framework/web/actions/CInlineAction.php(49): DatosController->actionCreate()
#4 /var/www/yii/framework/web/CController.php(308): CInlineAction->runWithParams(Array)
#5 /var/www/yii/framework/web/filters/CFilterChain.php(133): CController->runAction(Object(CInlineAction))
#6 /var/www/yii/framework/web/filters/CFilter.php(40): CFilterChain->run()
#7 /var/www/yii/framework/web/CController.php(1145): CFilter->filter(Object(CFilterChain))
#8 /var/www/yii/framework/web/filters/CInlineFilter.php(58): CController->filterAccessControl(Object(CFilterChain))
#9 /var/www/yii/framework/web/filters/CFilterChain.php(130): CInlineFilter->filter(Object(CFilterChain))
#10 /var/www/yii/framework/web/CController.php(291): CFilterChain->run()
#11 /var/www/yii/framework/web/CController.php(265): CController->runActionWithFilters(Object(CInlineAction), Array)
#12 /var/www/yii/framework/web/CWebApplication.php(282): CController->run('create')
#13 /var/www/yii/framework/web/CWebApplication.php(141): CWebApplication->runController('datos/create')
#14 /var/www/yii/framework/base/CApplication.php(180): CWebApplication->processRequest()
#15 /var/www/carlos/index.php(13): CApplication->run()
#16 {main}
REQUEST_URI=/carlos/index.php?r=datos/create
HTTP_REFERER=http://localhost/carlos/index.php?r=datos/create
---
2015/01/12 13:41:43 [error] [system.db.CDbCommand] CDbCommand::execute() falló: SQLSTATE[22001]: String data, right truncated: 7 ERROR:  el valor es demasiado largo para el tipo character varying(12). La sentencia SQL ejecutada fue: INSERT INTO "datos" ("nombres", "apellidos", "fecha_nacimiento", "telefono") VALUES (:yp0, :yp1, :yp2, :yp3).
in /var/www/carlos/protected/controllers/DatosController.php (73)
in /var/www/carlos/index.php (13)
2015/01/12 13:41:43 [error] [exception.CDbException] exception 'CDbException' with message 'CDbCommand falló al ejecutar la sentencia SQL: SQLSTATE[22001]: String data, right truncated: 7 ERROR:  el valor es demasiado largo para el tipo character varying(12). The SQL statement executed was: INSERT INTO "datos" ("nombres", "apellidos", "fecha_nacimiento", "telefono") VALUES (:yp0, :yp1, :yp2, :yp3)' in /var/www/yii/framework/db/CDbCommand.php:358
Stack trace:
#0 /var/www/yii/framework/db/ar/CActiveRecord.php(1077): CDbCommand->execute()
#1 /var/www/yii/framework/db/ar/CActiveRecord.php(806): CActiveRecord->insert(NULL)
#2 /var/www/carlos/protected/controllers/DatosController.php(73): CActiveRecord->save()
#3 /var/www/yii/framework/web/actions/CInlineAction.php(49): DatosController->actionCreate()
#4 /var/www/yii/framework/web/CController.php(308): CInlineAction->runWithParams(Array)
#5 /var/www/yii/framework/web/filters/CFilterChain.php(133): CController->runAction(Object(CInlineAction))
#6 /var/www/yii/framework/web/filters/CFilter.php(40): CFilterChain->run()
#7 /var/www/yii/framework/web/CController.php(1145): CFilter->filter(Object(CFilterChain))
#8 /var/www/yii/framework/web/filters/CInlineFilter.php(58): CController->filterAccessControl(Object(CFilterChain))
#9 /var/www/yii/framework/web/filters/CFilterChain.php(130): CInlineFilter->filter(Object(CFilterChain))
#10 /var/www/yii/framework/web/CController.php(291): CFilterChain->run()
#11 /var/www/yii/framework/web/CController.php(265): CController->runActionWithFilters(Object(CInlineAction), Array)
#12 /var/www/yii/framework/web/CWebApplication.php(282): CController->run('create')
#13 /var/www/yii/framework/web/CWebApplication.php(141): CWebApplication->runController('datos/create')
#14 /var/www/yii/framework/base/CApplication.php(180): CWebApplication->processRequest()
#15 /var/www/carlos/index.php(13): CApplication->run()
#16 {main}
REQUEST_URI=/carlos/index.php?r=datos/create
HTTP_REFERER=http://localhost/carlos/index.php?r=datos/create
---
2015/01/12 13:44:03 [error] [php] Illegal string offset 'name' (/var/www/yii/framework/web/helpers/CHtml.php:2458)
Stack trace:
#0 /var/www/carlos/protected/views/datos/_form.php(72): CActiveForm->textField()
#1 /var/www/yii/framework/web/CBaseController.php(126): require()
#2 /var/www/yii/framework/web/CBaseController.php(95): DatosController->renderInternal()
#3 /var/www/yii/framework/web/CController.php(869): DatosController->renderFile()
#4 /var/www/carlos/protected/views/datos/create.php(18): DatosController->renderPartial()
#5 /var/www/yii/framework/web/CBaseController.php(126): require()
#6 /var/www/yii/framework/web/CBaseController.php(95): DatosController->renderInternal()
#7 /var/www/yii/framework/web/CController.php(869): DatosController->renderFile()
#8 /var/www/yii/framework/web/CController.php(782): DatosController->renderPartial()
#9 /var/www/carlos/protected/controllers/DatosController.php(79): DatosController->render()
#10 /var/www/yii/framework/web/actions/CInlineAction.php(49): DatosController->actionCreate()
#11 /var/www/yii/framework/web/CController.php(308): CInlineAction->runWithParams()
#12 /var/www/yii/framework/web/filters/CFilterChain.php(133): DatosController->runAction()
#13 /var/www/yii/framework/web/filters/CFilter.php(40): CFilterChain->run()
#14 /var/www/yii/framework/web/CController.php(1145): CAccessControlFilter->filter()
#15 /var/www/yii/framework/web/filters/CInlineFilter.php(58): DatosController->filterAccessControl()
#16 /var/www/yii/framework/web/filters/CFilterChain.php(130): CInlineFilter->filter()
#17 /var/www/yii/framework/web/CController.php(291): CFilterChain->run()
#18 /var/www/yii/framework/web/CController.php(265): DatosController->runActionWithFilters()
#19 /var/www/yii/framework/web/CWebApplication.php(282): DatosController->run()
#20 /var/www/yii/framework/web/CWebApplication.php(141): CWebApplication->runController()
#21 /var/www/yii/framework/base/CApplication.php(180): CWebApplication->processRequest()
#22 /var/www/carlos/index.php(13): CWebApplication->run()
REQUEST_URI=/carlos/index.php?r=datos/create
in /var/www/carlos/protected/views/datos/_form.php (72)
in /var/www/carlos/protected/views/datos/create.php (18)
in /var/www/carlos/protected/controllers/DatosController.php (79)
2015/01/12 14:19:51 [error] [system.db.CDbCommand] CDbCommand::execute() falló: SQLSTATE[22001]: String data, right truncated: 7 ERROR:  el valor es demasiado largo para el tipo character varying(12). La sentencia SQL ejecutada fue: INSERT INTO "datos" ("nombres", "apellidos", "fecha_nacimiento", "telefono") VALUES (:yp0, :yp1, :yp2, :yp3).
in /var/www/carlos/protected/controllers/DatosController.php (73)
in /var/www/carlos/index.php (13)
2015/01/12 14:19:51 [error] [exception.CDbException] exception 'CDbException' with message 'CDbCommand falló al ejecutar la sentencia SQL: SQLSTATE[22001]: String data, right truncated: 7 ERROR:  el valor es demasiado largo para el tipo character varying(12). The SQL statement executed was: INSERT INTO "datos" ("nombres", "apellidos", "fecha_nacimiento", "telefono") VALUES (:yp0, :yp1, :yp2, :yp3)' in /var/www/yii/framework/db/CDbCommand.php:358
Stack trace:
#0 /var/www/yii/framework/db/ar/CActiveRecord.php(1077): CDbCommand->execute()
#1 /var/www/yii/framework/db/ar/CActiveRecord.php(806): CActiveRecord->insert(NULL)
#2 /var/www/carlos/protected/controllers/DatosController.php(73): CActiveRecord->save()
#3 /var/www/yii/framework/web/actions/CInlineAction.php(49): DatosController->actionCreate()
#4 /var/www/yii/framework/web/CController.php(308): CInlineAction->runWithParams(Array)
#5 /var/www/yii/framework/web/filters/CFilterChain.php(133): CController->runAction(Object(CInlineAction))
#6 /var/www/yii/framework/web/filters/CFilter.php(40): CFilterChain->run()
#7 /var/www/yii/framework/web/CController.php(1145): CFilter->filter(Object(CFilterChain))
#8 /var/www/yii/framework/web/filters/CInlineFilter.php(58): CController->filterAccessControl(Object(CFilterChain))
#9 /var/www/yii/framework/web/filters/CFilterChain.php(130): CInlineFilter->filter(Object(CFilterChain))
#10 /var/www/yii/framework/web/CController.php(291): CFilterChain->run()
#11 /var/www/yii/framework/web/CController.php(265): CController->runActionWithFilters(Object(CInlineAction), Array)
#12 /var/www/yii/framework/web/CWebApplication.php(282): CController->run('create')
#13 /var/www/yii/framework/web/CWebApplication.php(141): CWebApplication->runController('datos/create')
#14 /var/www/yii/framework/base/CApplication.php(180): CWebApplication->processRequest()
#15 /var/www/carlos/index.php(13): CApplication->run()
#16 {main}
REQUEST_URI=/carlos/index.php?r=datos/create
HTTP_REFERER=http://localhost/carlos/index.php?r=datos/create
---
2015/01/12 14:20:52 [error] [system.db.CDbCommand] CDbCommand::execute() falló: SQLSTATE[22001]: String data, right truncated: 7 ERROR:  el valor es demasiado largo para el tipo character varying(11). La sentencia SQL ejecutada fue: INSERT INTO "datos" ("nombres", "apellidos", "fecha_nacimiento", "telefono") VALUES (:yp0, :yp1, :yp2, :yp3).
in /var/www/carlos/protected/controllers/DatosController.php (73)
in /var/www/carlos/index.php (13)
2015/01/12 14:20:52 [error] [exception.CDbException] exception 'CDbException' with message 'CDbCommand falló al ejecutar la sentencia SQL: SQLSTATE[22001]: String data, right truncated: 7 ERROR:  el valor es demasiado largo para el tipo character varying(11). The SQL statement executed was: INSERT INTO "datos" ("nombres", "apellidos", "fecha_nacimiento", "telefono") VALUES (:yp0, :yp1, :yp2, :yp3)' in /var/www/yii/framework/db/CDbCommand.php:358
Stack trace:
#0 /var/www/yii/framework/db/ar/CActiveRecord.php(1077): CDbCommand->execute()
#1 /var/www/yii/framework/db/ar/CActiveRecord.php(806): CActiveRecord->insert(NULL)
#2 /var/www/carlos/protected/controllers/DatosController.php(73): CActiveRecord->save()
#3 /var/www/yii/framework/web/actions/CInlineAction.php(49): DatosController->actionCreate()
#4 /var/www/yii/framework/web/CController.php(308): CInlineAction->runWithParams(Array)
#5 /var/www/yii/framework/web/filters/CFilterChain.php(133): CController->runAction(Object(CInlineAction))
#6 /var/www/yii/framework/web/filters/CFilter.php(40): CFilterChain->run()
#7 /var/www/yii/framework/web/CController.php(1145): CFilter->filter(Object(CFilterChain))
#8 /var/www/yii/framework/web/filters/CInlineFilter.php(58): CController->filterAccessControl(Object(CFilterChain))
#9 /var/www/yii/framework/web/filters/CFilterChain.php(130): CInlineFilter->filter(Object(CFilterChain))
#10 /var/www/yii/framework/web/CController.php(291): CFilterChain->run()
#11 /var/www/yii/framework/web/CController.php(265): CController->runActionWithFilters(Object(CInlineAction), Array)
#12 /var/www/yii/framework/web/CWebApplication.php(282): CController->run('create')
#13 /var/www/yii/framework/web/CWebApplication.php(141): CWebApplication->runController('datos/create')
#14 /var/www/yii/framework/base/CApplication.php(180): CWebApplication->processRequest()
#15 /var/www/carlos/index.php(13): CApplication->run()
#16 {main}
REQUEST_URI=/carlos/index.php?r=datos/create
HTTP_REFERER=http://localhost/carlos/index.php?r=datos/create
---
2015/01/12 14:20:54 [error] [system.db.CDbCommand] CDbCommand::execute() falló: SQLSTATE[22001]: String data, right truncated: 7 ERROR:  el valor es demasiado largo para el tipo character varying(11). La sentencia SQL ejecutada fue: INSERT INTO "datos" ("nombres", "apellidos", "fecha_nacimiento", "telefono") VALUES (:yp0, :yp1, :yp2, :yp3).
in /var/www/carlos/protected/controllers/DatosController.php (73)
in /var/www/carlos/index.php (13)
2015/01/12 14:20:54 [error] [exception.CDbException] exception 'CDbException' with message 'CDbCommand falló al ejecutar la sentencia SQL: SQLSTATE[22001]: String data, right truncated: 7 ERROR:  el valor es demasiado largo para el tipo character varying(11). The SQL statement executed was: INSERT INTO "datos" ("nombres", "apellidos", "fecha_nacimiento", "telefono") VALUES (:yp0, :yp1, :yp2, :yp3)' in /var/www/yii/framework/db/CDbCommand.php:358
Stack trace:
#0 /var/www/yii/framework/db/ar/CActiveRecord.php(1077): CDbCommand->execute()
#1 /var/www/yii/framework/db/ar/CActiveRecord.php(806): CActiveRecord->insert(NULL)
#2 /var/www/carlos/protected/controllers/DatosController.php(73): CActiveRecord->save()
#3 /var/www/yii/framework/web/actions/CInlineAction.php(49): DatosController->actionCreate()
#4 /var/www/yii/framework/web/CController.php(308): CInlineAction->runWithParams(Array)
#5 /var/www/yii/framework/web/filters/CFilterChain.php(133): CController->runAction(Object(CInlineAction))
#6 /var/www/yii/framework/web/filters/CFilter.php(40): CFilterChain->run()
#7 /var/www/yii/framework/web/CController.php(1145): CFilter->filter(Object(CFilterChain))
#8 /var/www/yii/framework/web/filters/CInlineFilter.php(58): CController->filterAccessControl(Object(CFilterChain))
#9 /var/www/yii/framework/web/filters/CFilterChain.php(130): CInlineFilter->filter(Object(CFilterChain))
#10 /var/www/yii/framework/web/CController.php(291): CFilterChain->run()
#11 /var/www/yii/framework/web/CController.php(265): CController->runActionWithFilters(Object(CInlineAction), Array)
#12 /var/www/yii/framework/web/CWebApplication.php(282): CController->run('create')
#13 /var/www/yii/framework/web/CWebApplication.php(141): CWebApplication->runController('datos/create')
#14 /var/www/yii/framework/base/CApplication.php(180): CWebApplication->processRequest()
#15 /var/www/carlos/index.php(13): CApplication->run()
#16 {main}
REQUEST_URI=/carlos/index.php?r=datos/create
HTTP_REFERER=http://localhost/carlos/index.php?r=datos/create
---
2015/01/12 14:21:08 [error] [system.db.CDbCommand] CDbCommand::execute() falló: SQLSTATE[22001]: String data, right truncated: 7 ERROR:  el valor es demasiado largo para el tipo character varying(11). La sentencia SQL ejecutada fue: INSERT INTO "datos" ("nombres", "apellidos", "fecha_nacimiento", "telefono") VALUES (:yp0, :yp1, :yp2, :yp3).
in /var/www/carlos/protected/controllers/DatosController.php (73)
in /var/www/carlos/index.php (13)
2015/01/12 14:21:08 [error] [exception.CDbException] exception 'CDbException' with message 'CDbCommand falló al ejecutar la sentencia SQL: SQLSTATE[22001]: String data, right truncated: 7 ERROR:  el valor es demasiado largo para el tipo character varying(11). The SQL statement executed was: INSERT INTO "datos" ("nombres", "apellidos", "fecha_nacimiento", "telefono") VALUES (:yp0, :yp1, :yp2, :yp3)' in /var/www/yii/framework/db/CDbCommand.php:358
Stack trace:
#0 /var/www/yii/framework/db/ar/CActiveRecord.php(1077): CDbCommand->execute()
#1 /var/www/yii/framework/db/ar/CActiveRecord.php(806): CActiveRecord->insert(NULL)
#2 /var/www/carlos/protected/controllers/DatosController.php(73): CActiveRecord->save()
#3 /var/www/yii/framework/web/actions/CInlineAction.php(49): DatosController->actionCreate()
#4 /var/www/yii/framework/web/CController.php(308): CInlineAction->runWithParams(Array)
#5 /var/www/yii/framework/web/filters/CFilterChain.php(133): CController->runAction(Object(CInlineAction))
#6 /var/www/yii/framework/web/filters/CFilter.php(40): CFilterChain->run()
#7 /var/www/yii/framework/web/CController.php(1145): CFilter->filter(Object(CFilterChain))
#8 /var/www/yii/framework/web/filters/CInlineFilter.php(58): CController->filterAccessControl(Object(CFilterChain))
#9 /var/www/yii/framework/web/filters/CFilterChain.php(130): CInlineFilter->filter(Object(CFilterChain))
#10 /var/www/yii/framework/web/CController.php(291): CFilterChain->run()
#11 /var/www/yii/framework/web/CController.php(265): CController->runActionWithFilters(Object(CInlineAction), Array)
#12 /var/www/yii/framework/web/CWebApplication.php(282): CController->run('create')
#13 /var/www/yii/framework/web/CWebApplication.php(141): CWebApplication->runController('datos/create')
#14 /var/www/yii/framework/base/CApplication.php(180): CWebApplication->processRequest()
#15 /var/www/carlos/index.php(13): CApplication->run()
#16 {main}
REQUEST_URI=/carlos/index.php?r=datos/create
HTTP_REFERER=http://localhost/carlos/index.php?r=datos/create
---
2015/01/12 14:21:28 [error] [system.db.CDbCommand] CDbCommand::execute() falló: SQLSTATE[22001]: String data, right truncated: 7 ERROR:  el valor es demasiado largo para el tipo character varying(11). La sentencia SQL ejecutada fue: INSERT INTO "datos" ("nombres", "apellidos", "fecha_nacimiento", "telefono") VALUES (:yp0, :yp1, :yp2, :yp3).
in /var/www/carlos/protected/controllers/DatosController.php (73)
in /var/www/carlos/index.php (13)
2015/01/12 14:21:29 [error] [exception.CDbException] exception 'CDbException' with message 'CDbCommand falló al ejecutar la sentencia SQL: SQLSTATE[22001]: String data, right truncated: 7 ERROR:  el valor es demasiado largo para el tipo character varying(11). The SQL statement executed was: INSERT INTO "datos" ("nombres", "apellidos", "fecha_nacimiento", "telefono") VALUES (:yp0, :yp1, :yp2, :yp3)' in /var/www/yii/framework/db/CDbCommand.php:358
Stack trace:
#0 /var/www/yii/framework/db/ar/CActiveRecord.php(1077): CDbCommand->execute()
#1 /var/www/yii/framework/db/ar/CActiveRecord.php(806): CActiveRecord->insert(NULL)
#2 /var/www/carlos/protected/controllers/DatosController.php(73): CActiveRecord->save()
#3 /var/www/yii/framework/web/actions/CInlineAction.php(49): DatosController->actionCreate()
#4 /var/www/yii/framework/web/CController.php(308): CInlineAction->runWithParams(Array)
#5 /var/www/yii/framework/web/filters/CFilterChain.php(133): CController->runAction(Object(CInlineAction))
#6 /var/www/yii/framework/web/filters/CFilter.php(40): CFilterChain->run()
#7 /var/www/yii/framework/web/CController.php(1145): CFilter->filter(Object(CFilterChain))
#8 /var/www/yii/framework/web/filters/CInlineFilter.php(58): CController->filterAccessControl(Object(CFilterChain))
#9 /var/www/yii/framework/web/filters/CFilterChain.php(130): CInlineFilter->filter(Object(CFilterChain))
#10 /var/www/yii/framework/web/CController.php(291): CFilterChain->run()
#11 /var/www/yii/framework/web/CController.php(265): CController->runActionWithFilters(Object(CInlineAction), Array)
#12 /var/www/yii/framework/web/CWebApplication.php(282): CController->run('create')
#13 /var/www/yii/framework/web/CWebApplication.php(141): CWebApplication->runController('datos/create')
#14 /var/www/yii/framework/base/CApplication.php(180): CWebApplication->processRequest()
#15 /var/www/carlos/index.php(13): CApplication->run()
#16 {main}
REQUEST_URI=/carlos/index.php?r=datos/create
HTTP_REFERER=http://localhost/carlos/index.php?r=datos/create
---
2015/01/12 14:39:53 [error] [system.db.CDbCommand] CDbCommand::execute() falló: SQLSTATE[22001]: String data, right truncated: 7 ERROR:  el valor es demasiado largo para el tipo character varying(11). La sentencia SQL ejecutada fue: INSERT INTO "datos" ("nombres", "apellidos", "fecha_nacimiento", "telefono") VALUES (:yp0, :yp1, :yp2, :yp3).
in /var/www/carlos/protected/controllers/DatosController.php (73)
in /var/www/carlos/index.php (13)
2015/01/12 14:39:53 [error] [exception.CDbException] exception 'CDbException' with message 'CDbCommand falló al ejecutar la sentencia SQL: SQLSTATE[22001]: String data, right truncated: 7 ERROR:  el valor es demasiado largo para el tipo character varying(11). The SQL statement executed was: INSERT INTO "datos" ("nombres", "apellidos", "fecha_nacimiento", "telefono") VALUES (:yp0, :yp1, :yp2, :yp3)' in /var/www/yii/framework/db/CDbCommand.php:358
Stack trace:
#0 /var/www/yii/framework/db/ar/CActiveRecord.php(1077): CDbCommand->execute()
#1 /var/www/yii/framework/db/ar/CActiveRecord.php(806): CActiveRecord->insert(NULL)
#2 /var/www/carlos/protected/controllers/DatosController.php(73): CActiveRecord->save()
#3 /var/www/yii/framework/web/actions/CInlineAction.php(49): DatosController->actionCreate()
#4 /var/www/yii/framework/web/CController.php(308): CInlineAction->runWithParams(Array)
#5 /var/www/yii/framework/web/filters/CFilterChain.php(133): CController->runAction(Object(CInlineAction))
#6 /var/www/yii/framework/web/filters/CFilter.php(40): CFilterChain->run()
#7 /var/www/yii/framework/web/CController.php(1145): CFilter->filter(Object(CFilterChain))
#8 /var/www/yii/framework/web/filters/CInlineFilter.php(58): CController->filterAccessControl(Object(CFilterChain))
#9 /var/www/yii/framework/web/filters/CFilterChain.php(130): CInlineFilter->filter(Object(CFilterChain))
#10 /var/www/yii/framework/web/CController.php(291): CFilterChain->run()
#11 /var/www/yii/framework/web/CController.php(265): CController->runActionWithFilters(Object(CInlineAction), Array)
#12 /var/www/yii/framework/web/CWebApplication.php(282): CController->run('create')
#13 /var/www/yii/framework/web/CWebApplication.php(141): CWebApplication->runController('datos/create')
#14 /var/www/yii/framework/base/CApplication.php(180): CWebApplication->processRequest()
#15 /var/www/carlos/index.php(13): CApplication->run()
#16 {main}
REQUEST_URI=/carlos/index.php?r=datos/create
HTTP_REFERER=http://localhost/carlos/index.php?r=datos/create
---
2015/01/12 15:02:57 [error] [exception.CHttpException.404] exception 'CHttpException' with message 'No es posible resolver la solicitud "create"' in /var/www/yii/framework/web/CWebApplication.php:286
Stack trace:
#0 /var/www/yii/framework/web/CWebApplication.php(141): CWebApplication->runController('create')
#1 /var/www/yii/framework/base/CApplication.php(180): CWebApplication->processRequest()
#2 /var/www/carlos/index.php(13): CApplication->run()
#3 {main}
REQUEST_URI=/carlos/index.php?r=create
---
2015/01/12 15:05:49 [error] [exception.CHttpException.404] exception 'CHttpException' with message 'No es posible resolver la solicitud "create"' in /var/www/yii/framework/web/CWebApplication.php:286
Stack trace:
#0 /var/www/yii/framework/web/CWebApplication.php(141): CWebApplication->runController('create')
#1 /var/www/yii/framework/base/CApplication.php(180): CWebApplication->processRequest()
#2 /var/www/carlos/index.php(13): CApplication->run()
#3 {main}
REQUEST_URI=/carlos/index.php?r=create
---
2015/01/17 11:31:50 [error] [system.db.CDbCommand] CDbCommand::execute() falló: SQLSTATE[22007]: Invalid datetime format: 7 ERROR:  la sintaxis de entrada no es válida para tipo date: «»
LINE 1: ...os", "telefono", "fecha_nacimiento") VALUES ('', '', '', '')
                                                                    ^. La sentencia SQL ejecutada fue: INSERT INTO "datos" ("nombres", "apellidos", "telefono", "fecha_nacimiento") VALUES (:yp0, :yp1, :yp2, :yp3).
in /var/www/carlos/protected/controllers/DatosController.php (73)
in /var/www/carlos/index.php (13)
2015/01/17 11:31:50 [error] [exception.CDbException] exception 'CDbException' with message 'CDbCommand falló al ejecutar la sentencia SQL: SQLSTATE[22007]: Invalid datetime format: 7 ERROR:  la sintaxis de entrada no es válida para tipo date: «»
LINE 1: ...os", "telefono", "fecha_nacimiento") VALUES ('', '', '', '')
                                                                    ^. The SQL statement executed was: INSERT INTO "datos" ("nombres", "apellidos", "telefono", "fecha_nacimiento") VALUES (:yp0, :yp1, :yp2, :yp3)' in /var/www/yii/framework/db/CDbCommand.php:358
Stack trace:
#0 /var/www/yii/framework/db/ar/CActiveRecord.php(1077): CDbCommand->execute()
#1 /var/www/yii/framework/db/ar/CActiveRecord.php(806): CActiveRecord->insert(NULL)
#2 /var/www/carlos/protected/controllers/DatosController.php(73): CActiveRecord->save()
#3 /var/www/yii/framework/web/actions/CInlineAction.php(49): DatosController->actionCreate()
#4 /var/www/yii/framework/web/CController.php(308): CInlineAction->runWithParams(Array)
#5 /var/www/yii/framework/web/filters/CFilterChain.php(133): CController->runAction(Object(CInlineAction))
#6 /var/www/yii/framework/web/filters/CFilter.php(40): CFilterChain->run()
#7 /var/www/yii/framework/web/CController.php(1145): CFilter->filter(Object(CFilterChain))
#8 /var/www/yii/framework/web/filters/CInlineFilter.php(58): CController->filterAccessControl(Object(CFilterChain))
#9 /var/www/yii/framework/web/filters/CFilterChain.php(130): CInlineFilter->filter(Object(CFilterChain))
#10 /var/www/yii/framework/web/CController.php(291): CFilterChain->run()
#11 /var/www/yii/framework/web/CController.php(265): CController->runActionWithFilters(Object(CInlineAction), Array)
#12 /var/www/yii/framework/web/CWebApplication.php(282): CController->run('create')
#13 /var/www/yii/framework/web/CWebApplication.php(141): CWebApplication->runController('datos/create')
#14 /var/www/yii/framework/base/CApplication.php(180): CWebApplication->processRequest()
#15 /var/www/carlos/index.php(13): CApplication->run()
#16 {main}
REQUEST_URI=/carlos/index.php?r=datos/create
HTTP_REFERER=http://localhost/carlos/index.php?r=datos/create
---
2015/03/07 09:52:19 [error] [system.db.CDbCommand] CDbCommand::execute() falló: SQLSTATE[22007]: Invalid datetime format: 7 ERROR:  la sintaxis de entrada no es válida para tipo date: «»
LINE 1: ...os", "telefono", "fecha_nacimiento") VALUES ('', '', '', '')
                                                                    ^. La sentencia SQL ejecutada fue: INSERT INTO "datos" ("nombres", "apellidos", "telefono", "fecha_nacimiento") VALUES (:yp0, :yp1, :yp2, :yp3).
in /var/www/carlos/protected/controllers/DatosController.php (73)
in /var/www/carlos/index.php (13)
2015/03/07 09:52:19 [error] [exception.CDbException] exception 'CDbException' with message 'CDbCommand falló al ejecutar la sentencia SQL: SQLSTATE[22007]: Invalid datetime format: 7 ERROR:  la sintaxis de entrada no es válida para tipo date: «»
LINE 1: ...os", "telefono", "fecha_nacimiento") VALUES ('', '', '', '')
                                                                    ^. The SQL statement executed was: INSERT INTO "datos" ("nombres", "apellidos", "telefono", "fecha_nacimiento") VALUES (:yp0, :yp1, :yp2, :yp3)' in /var/www/yii/framework/db/CDbCommand.php:358
Stack trace:
#0 /var/www/yii/framework/db/ar/CActiveRecord.php(1077): CDbCommand->execute()
#1 /var/www/yii/framework/db/ar/CActiveRecord.php(806): CActiveRecord->insert(NULL)
#2 /var/www/carlos/protected/controllers/DatosController.php(73): CActiveRecord->save()
#3 /var/www/yii/framework/web/actions/CInlineAction.php(49): DatosController->actionCreate()
#4 /var/www/yii/framework/web/CController.php(308): CInlineAction->runWithParams(Array)
#5 /var/www/yii/framework/web/filters/CFilterChain.php(133): CController->runAction(Object(CInlineAction))
#6 /var/www/yii/framework/web/filters/CFilter.php(40): CFilterChain->run()
#7 /var/www/yii/framework/web/CController.php(1145): CFilter->filter(Object(CFilterChain))
#8 /var/www/yii/framework/web/filters/CInlineFilter.php(58): CController->filterAccessControl(Object(CFilterChain))
#9 /var/www/yii/framework/web/filters/CFilterChain.php(130): CInlineFilter->filter(Object(CFilterChain))
#10 /var/www/yii/framework/web/CController.php(291): CFilterChain->run()
#11 /var/www/yii/framework/web/CController.php(265): CController->runActionWithFilters(Object(CInlineAction), Array)
#12 /var/www/yii/framework/web/CWebApplication.php(282): CController->run('create')
#13 /var/www/yii/framework/web/CWebApplication.php(141): CWebApplication->runController('datos/create')
#14 /var/www/yii/framework/base/CApplication.php(180): CWebApplication->processRequest()
#15 /var/www/carlos/index.php(13): CApplication->run()
#16 {main}
REQUEST_URI=/carlos/index.php?r=datos/create
HTTP_REFERER=http://localhost/carlos/index.php?r=datos/create
---
2017/01/28 14:24:56 [error] [exception.CException] exception 'CException' with message 'El alias "bootstrap.widgets.TbEditableField" es inválido. Asegúrese de que apunta a un directorio o archivo existente.' in /var/www/yii/framework/YiiBase.php:347
Stack trace:
#0 /var/www/yii/framework/web/CWidgetFactory.php(146): YiiBase::import('bootstrap.widge...', true)
#1 /var/www/yii/framework/web/CBaseController.php(146): CWidgetFactory->createWidget(Object(DatosController), 'bootstrap.widge...', Array)
#2 /var/www/yii/framework/web/CBaseController.php(172): CBaseController->createWidget('bootstrap.widge...', Array)
#3 /var/www/carlos/protected/views/datos/admin.php(61): CBaseController->widget('bootstrap.widge...', Array)
#4 /var/www/yii/framework/web/CBaseController.php(126): require('/var/www/carlos...')
#5 /var/www/yii/framework/web/CBaseController.php(95): CBaseController->renderInternal('/var/www/carlos...', Array, true)
#6 /var/www/yii/framework/web/CController.php(869): CBaseController->renderFile('/var/www/carlos...', Array, true)
#7 /var/www/yii/framework/web/CController.php(782): CController->renderPartial('admin', Array, true)
#8 /var/www/carlos/protected/controllers/DatosController.php(143): CController->render('admin', Array)
#9 /var/www/yii/framework/web/actions/CInlineAction.php(49): DatosController->actionAdmin()
#10 /var/www/yii/framework/web/CController.php(308): CInlineAction->runWithParams(Array)
#11 /var/www/yii/framework/web/filters/CFilterChain.php(133): CController->runAction(Object(CInlineAction))
#12 /var/www/yii/framework/web/filters/CFilter.php(40): CFilterChain->run()
#13 /var/www/yii/framework/web/CController.php(1145): CFilter->filter(Object(CFilterChain))
#14 /var/www/yii/framework/web/filters/CInlineFilter.php(58): CController->filterAccessControl(Object(CFilterChain))
#15 /var/www/yii/framework/web/filters/CFilterChain.php(130): CInlineFilter->filter(Object(CFilterChain))
#16 /var/www/yii/framework/web/CController.php(291): CFilterChain->run()
#17 /var/www/yii/framework/web/CController.php(265): CController->runActionWithFilters(Object(CInlineAction), Array)
#18 /var/www/yii/framework/web/CWebApplication.php(282): CController->run('admin')
#19 /var/www/yii/framework/web/CWebApplication.php(141): CWebApplication->runController('datos/admin')
#20 /var/www/yii/framework/base/CApplication.php(180): CWebApplication->processRequest()
#21 /var/www/carlos/index.php(13): CApplication->run()
#22 {main}
REQUEST_URI=/carlos/index.php?r=datos/admin
HTTP_REFERER=http://localhost/carlos/index.php?r=site/login
---
